[LOG] System::create                           : Header version = 2.02.13. Current version = 2.02.13.
[LOG] Manager::init                            : maxchannels = 256 studioflags = 00000006 flags 00000000 extradriverdata 0000000000000000.
[LOG] SystemI::init                            : Initialize version=20213 (132591), maxchannels=256, flags=0x00020000
[LOG] SystemI::setOutputInternal               : Setting output to 'FMOD WASAPI Output'
[LOG] OutputWASAPI::init                       : Mix Format (WAVEFORMATEX): wFormatTag=0xFFFE, nChannels=2, nSamplesPerSec=48000, nAvgBytesPerSec=384000, nBlockAlign=8, wBitsPerSample=32, cbSize=22.
[LOG] OutputWASAPI::init                       : Mix Format (WAVEFORMATEXTENSIBLE): wValidBitsPerSample=32, dwChannelMask=0x00000003, SubFormat=00000003-0000-0010-8000-00AA00389B71.
[LOG] OutputWASAPI::init                       : Output buffer size: 4096 samples, latency: 0.00ms, period: 10.00ms, DSP buffer: 1024 * 4
[LOG] Thread::initThread                       : Init FMOD stream thread. Affinity: 0x4000000000000003, Priority: 0xFFFF7FFB, Stack Size: 98304, Semaphore: No, Sleep Time: 10, Looping: Yes.
[LOG] Thread::initThread                       : Init FMOD mixer thread. Affinity: 0x4000000000000001, Priority: 0xFFFF7FFA, Stack Size: 81920, Semaphore: No, Sleep Time: 0, Looping: Yes.
[LOG] AsyncManager::init                       : manager 0000028F71A842C8 isAsync 0 updatePeriod 0.02
[LOG] AsyncManager::init                       : done
[LOG] PlaybackSystem::init                     : 
[LOG] Thread::initThread                       : Init FMOD Studio sample load thread. Affinity: 0x4000000000000003, Priority: 0xFFFF7FFD, Stack Size: 98304, Semaphore: No, Sleep Time: 1, Looping: No.
[LOG] PlaybackSystem::init                     : done
[LOG] Thread::initThread                       : Init FMOD Studio bank load thread. Affinity: 0x4000000000000003, Priority: 0xFFFF7FFD, Stack Size: 98304, Semaphore: No, Sleep Time: 1, Looping: No.
[LOG] Manager::init                            : done.
[LOG] SystemI::createSoundInternal             : Create name='', mode=0x02000202
[LOG] SystemI::createSoundInternal             : exinfo->cbsize             = 224
[LOG] SystemI::createSoundInternal             : exinfo->length             = 1671136
[LOG] SystemI::createSoundInternal             : exinfo->fileoffset         = 9632
[LOG] SystemI::createSoundInternal             : exinfo->numsubsounds       = 1
[LOG] SystemI::createSoundInternal             : exinfo->inclusionlist      = 0000009FCA9FEE28
[LOG] SystemI::createSoundInternal             : exinfo->inclusionlistnum   = 1
[LOG] SystemI::createSoundInternal             : exinfo->suggestedsoundtype = 5
[LOG] SystemI::createSoundInternal             : exinfo->useropen           = 00007FFA1B3939D0
[LOG] SystemI::createSoundInternal             : exinfo->userclose          = 00007FFA1B393990
[LOG] SystemI::createSoundInternal             : exinfo->userread           = 00007FFA1B393AB0
[LOG] SystemI::createSoundInternal             : exinfo->userseek           = 00007FFA1B393B70
[LOG] SystemI::createSoundInternal             : exinfo->fileuserdata       = 0000028E2E4C55D8
[LOG] SystemI::createSoundInternal             : exinfo->initialseekpostype = 1
[LOG] SystemI::DSPCodecPoolRegister            : register codec pool for pool type 5
[LOG] SystemI::createSoundInternal             : Sample 0/1: name='Mosca Dano 3', format=5, channels=1, frequency=48000, lengthbytes=3968, lengthpcm=20319, pcmblocksize=0, loopstart=0, loopend=0, mode=0x00000000, channelmask=0x00000000, channelorder=0, peakvolume=0.219696.
[LOG] SystemI::createSoundInternal             : Create name='', mode=0x02000202
[LOG] SystemI::createSoundInternal             : exinfo->cbsize             = 224
[LOG] SystemI::createSoundInternal             : exinfo->length             = 1671136
[LOG] SystemI::createSoundInternal             : exinfo->fileoffset         = 9632
[LOG] SystemI::createSoundInternal             : exinfo->numsubsounds       = 1
[LOG] SystemI::createSoundInternal             : exinfo->inclusionlist      = 0000009FCA9FEE28
[LOG] SystemI::createSoundInternal             : exinfo->inclusionlistnum   = 1
[LOG] SystemI::createSoundInternal             : exinfo->suggestedsoundtype = 5
[LOG] SystemI::createSoundInternal             : exinfo->useropen           = 00007FFA1B3939D0
[LOG] SystemI::createSoundInternal             : exinfo->userclose          = 00007FFA1B393990
[LOG] SystemI::createSoundInternal             : exinfo->userread           = 00007FFA1B393AB0
[LOG] SystemI::createSoundInternal             : exinfo->userseek           = 00007FFA1B393B70
[LOG] SystemI::createSoundInternal             : exinfo->fileuserdata       = 0000028E2E4C55D8
[LOG] SystemI::createSoundInternal             : exinfo->initialseekpostype = 1
[LOG] SystemI::DSPCodecPoolRegister            : register codec pool for pool type 5
[LOG] SystemI::createSoundInternal             : Sample 0/1: name='Mosca Dano 1', format=5, channels=1, frequency=48000, lengthbytes=3904, lengthpcm=20301, pcmblocksize=0, loopstart=0, loopend=0, mode=0x00000000, channelmask=0x00000000, channelorder=0, peakvolume=0.394836.
[LOG] SystemI::createSoundInternal             : Create name='', mode=0x02000202
[LOG] SystemI::createSoundInternal             : exinfo->cbsize             = 224
[LOG] SystemI::createSoundInternal             : exinfo->length             = 1671136
[LOG] SystemI::createSoundInternal             : exinfo->fileoffset         = 9632
[LOG] SystemI::createSoundInternal             : exinfo->numsubsounds       = 1
[LOG] SystemI::createSoundInternal             : exinfo->inclusionlist      = 0000009FCA9FEE28
[LOG] SystemI::createSoundInternal             : exinfo->inclusionlistnum   = 1
[LOG] SystemI::createSoundInternal             : exinfo->suggestedsoundtype = 5
[LOG] SystemI::createSoundInternal             : exinfo->useropen           = 00007FFA1B3939D0
[LOG] SystemI::createSoundInternal             : exinfo->userclose          = 00007FFA1B393990
[LOG] SystemI::createSoundInternal             : exinfo->userread           = 00007FFA1B393AB0
[LOG] SystemI::createSoundInternal             : exinfo->userseek           = 00007FFA1B393B70
[LOG] SystemI::createSoundInternal             : exinfo->fileuserdata       = 0000028E2E4C55D8
[LOG] SystemI::createSoundInternal             : exinfo->initialseekpostype = 1
[LOG] SystemI::DSPCodecPoolRegister            : register codec pool for pool type 5
[LOG] SystemI::createSoundInternal             : Sample 0/1: name='Mosca Dano 2', format=5, channels=1, frequency=48000, lengthbytes=4672, lengthpcm=24159, pcmblocksize=0, loopstart=0, loopend=0, mode=0x00000000, channelmask=0x00000000, channelorder=0, peakvolume=0.688110.
[LOG] SystemI::createSoundInternal             : Create name='', mode=0x02000202
[LOG] SystemI::createSoundInternal             : exinfo->cbsize             = 224
[LOG] SystemI::createSoundInternal             : exinfo->length             = 1671136
[LOG] SystemI::createSoundInternal             : exinfo->fileoffset         = 9632
[LOG] SystemI::createSoundInternal             : exinfo->numsubsounds       = 1
[LOG] SystemI::createSoundInternal             : exinfo->inclusionlist      = 0000009FCA9FEE28
[LOG] SystemI::createSoundInternal             : exinfo->inclusionlistnum   = 1
[LOG] SystemI::createSoundInternal             : exinfo->suggestedsoundtype = 5
[LOG] SystemI::createSoundInternal             : exinfo->useropen           = 00007FFA1B3939D0
[LOG] SystemI::createSoundInternal             : exinfo->userclose          = 00007FFA1B393990
[LOG] SystemI::createSoundInternal             : exinfo->userread           = 00007FFA1B393AB0
[LOG] SystemI::createSoundInternal             : exinfo->userseek           = 00007FFA1B393B70
[LOG] SystemI::createSoundInternal             : exinfo->fileuserdata       = 0000028E2E4C55D8
[LOG] SystemI::createSoundInternal             : exinfo->initialseekpostype = 1
[LOG] SystemI::DSPCodecPoolRegister            : register codec pool for pool type 5
[LOG] SystemI::createSoundInternal             : Sample 0/1: name='Mosca Dano 0', format=5, channels=1, frequency=48000, lengthbytes=4736, lengthpcm=22335, pcmblocksize=0, loopstart=0, loopend=0, mode=0x00000000, channelmask=0x00000000, channelorder=0, peakvolume=0.727051.
[LOG] SystemI::createSoundInternal             : Create name='', mode=0x02000202
[LOG] SystemI::createSoundInternal             : exinfo->cbsize             = 224
[LOG] SystemI::createSoundInternal             : exinfo->length             = 1671136
[LOG] SystemI::createSoundInternal             : exinfo->fileoffset         = 9632
[LOG] SystemI::createSoundInternal             : exinfo->numsubsounds       = 1
[LOG] SystemI::createSoundInternal             : exinfo->inclusionlist      = 0000009FCA9FEE28
[LOG] SystemI::createSoundInternal             : exinfo->inclusionlistnum   = 1
[LOG] SystemI::createSoundInternal             : exinfo->suggestedsoundtype = 5
[LOG] SystemI::createSoundInternal             : exinfo->useropen           = 00007FFA1B3939D0
[LOG] SystemI::createSoundInternal             : exinfo->userclose          = 00007FFA1B393990
[LOG] SystemI::createSoundInternal             : exinfo->userread           = 00007FFA1B393AB0
[LOG] SystemI::createSoundInternal             : exinfo->userseek           = 00007FFA1B393B70
[LOG] SystemI::createSoundInternal             : exinfo->fileuserdata       = 0000028E2E4C55D8
[LOG] SystemI::createSoundInternal             : exinfo->initialseekpostype = 1
[LOG] SystemI::DSPCodecPoolRegister            : register codec pool for pool type 5
[LOG] SystemI::createSoundInternal             : Sample 0/1: name='Mosca Dano 0', format=5, channels=1, frequency=48000, lengthbytes=4896, lengthpcm=24384, pcmblocksize=0, loopstart=0, loopend=0, mode=0x00000000, channelmask=0x00000000, channelorder=0, peakvolume=0.377472.
[LOG] SoundI::release                          : Som da Mosca 0 (0000028E2E3D5488)
[LOG] SoundI::release                          :     Som da Mosca 0 (0000028F71846738)
[LOG] SoundI::release                          :     Som da Mosca 0 (0000028C304E0098)
[LOG] SystemI::createSound                     : filename = FMOD GitHub/Build/Desktop/Mosca.bank : mode 02010082
[LOG] SystemI::createSound                     : FMOD_NONBLOCKING specified.  Putting into queue to be opened asynchronously!
[LOG] AsyncThread::add                         : add sound to async queue : soundi = 0000028CC658CAC8, queue head = 0000028C70E88A58, queue count = 0
[LOG] SystemI::createSound                     : filename = FMOD GitHub/Build/Desktop/Mosca.bank : mode 02010082
[LOG] SystemI::createSound                     : FMOD_NONBLOCKING specified.  Putting into queue to be opened asynchronously!
[LOG] AsyncThread::add                         : add sound to async queue : soundi = 0000028CC658C408, queue head = 0000028C70E88A58, queue count = 0
[LOG] SystemI::createSound                     : filename = FMOD GitHub/Build/Desktop/Mosca.bank : mode 02010082
[LOG] SystemI::createSound                     : FMOD_NONBLOCKING specified.  Putting into queue to be opened asynchronously!
[LOG] AsyncThread::threadFunc                  : Starting Asynchronous operation on sound 0000028CC658CAC8
[LOG] AsyncThread::add                         : add sound to async queue : soundi = 0000028CC658C918, queue head = 0000028C70E88A58, queue count = 1
[LOG] SystemI::createSoundInternal             :     Create name='FMOD GitHub/Build/Desktop/Mosca.bank', mode=0x02010082
[LOG] SystemI::createSoundInternal             :     exinfo->cbsize             = 224
[LOG] SystemI::createSoundInternal             :     exinfo->length             = 1671136
[LOG] SystemI::createSoundInternal             :     exinfo->fileoffset         = 9632
[LOG] SystemI::createSoundInternal             :     exinfo->numsubsounds       = 1
[LOG] SystemI::createSoundInternal             :     exinfo->inclusionlist      = 0000028C0EE78FA0
[LOG] SystemI::createSoundInternal             :     exinfo->inclusionlistnum   = 1
[LOG] SystemI::createSoundInternal             :     exinfo->suggestedsoundtype = 5
[LOG] SystemI::createSoundInternal             :     exinfo->initialseekpostype = 1
[LOG] SystemI::createSoundInternal             :     Stream 0/1: name='Som da Mosca 2', format=5, channels=2, frequency=48000, lengthbytes=383968, lengthpcm=1457579, pcmblocksize=0, loopstart=0, loopend=0, mode=0x00000000, channelmask=0x00000000, channelorder=0, peakvolume=0.111053.
[LOG] AsyncThread::threadFunc                  : Finished Asynchronous operation on sound 0000028CC658CAC8
[LOG] AsyncThread::threadFunc                  : Starting Asynchronous operation on sound 0000028CC658C408
[LOG] SystemI::createSoundInternal             :     Create name='FMOD GitHub/Build/Desktop/Mosca.bank', mode=0x02010082
[LOG] SystemI::createSoundInternal             :     exinfo->cbsize             = 224
[LOG] SystemI::createSoundInternal             :     exinfo->length             = 1671136
[LOG] SystemI::createSoundInternal             :     exinfo->fileoffset         = 9632
[LOG] SystemI::createSoundInternal             :     exinfo->numsubsounds       = 1
[LOG] SystemI::createSoundInternal             :     exinfo->inclusionlist      = 0000028C0EE794A0
[LOG] SystemI::createSoundInternal             :     exinfo->inclusionlistnum   = 1
[LOG] SystemI::createSoundInternal             :     exinfo->suggestedsoundtype = 5
[LOG] SystemI::createSoundInternal             :     exinfo->initialseekpostype = 1
[LOG] SystemI::createSoundInternal             :     Stream 0/1: name='Som da Mosca 0', format=5, channels=2, frequency=48000, lengthbytes=309344, lengthpcm=1182852, pcmblocksize=0, loopstart=0, loopend=0, mode=0x00000000, channelmask=0x00000000, channelorder=0, peakvolume=0.181030.
[LOG] AsyncThread::threadFunc                  : Finished Asynchronous operation on sound 0000028CC658C408
[LOG] AsyncThread::threadFunc                  : Starting Asynchronous operation on sound 0000028CC658C918
[LOG] SystemI::createSoundInternal             :     Create name='FMOD GitHub/Build/Desktop/Mosca.bank', mode=0x02010082
[LOG] SystemI::createSoundInternal             :     exinfo->cbsize             = 224
[LOG] SystemI::createSoundInternal             :     exinfo->length             = 1671136
[LOG] SystemI::createSoundInternal             :     exinfo->fileoffset         = 9632
[LOG] SystemI::createSoundInternal             :     exinfo->numsubsounds       = 1
[LOG] SystemI::createSoundInternal             :     exinfo->inclusionlist      = 0000028C0EE790E0
[LOG] SystemI::createSoundInternal             :     exinfo->inclusionlistnum   = 1
[LOG] SystemI::createSoundInternal             :     exinfo->suggestedsoundtype = 5
[LOG] SystemI::createSoundInternal             :     exinfo->initialseekpostype = 1
[LOG] SystemI::createSoundInternal             :     Stream 0/1: name='Som da Mosca 3', format=5, channels=2, frequency=48000, lengthbytes=569856, lengthpcm=2169836, pcmblocksize=0, loopstart=0, loopend=0, mode=0x00000000, channelmask=0x00000000, channelorder=0, peakvolume=0.163605.
[LOG] AsyncThread::threadFunc                  : Finished Asynchronous operation on sound 0000028CC658C918
[LOG] SoundI::release                          : Som da Mosca 3 (0000028E2E3D5638)
[LOG] SoundI::release                          :     Som da Mosca 3 (0000028F71846F58)
[LOG] SoundI::release                          :     Som da Mosca 3 (0000028DB1AEC0B8)
[LOG] SoundI::release                          : Som da Mosca 1 (0000028E2E3D5CF8)
[LOG] SoundI::release                          :     Som da Mosca 1 (0000028F71847298)
[LOG] SoundI::release                          :     Som da Mosca 1 (0000028DB1AECE38)
[LOG] SoundI::release                          : Som da Mosca 1 (0000028E2E3D57E8)
[LOG] SoundI::release                          :     Som da Mosca 1 (0000028F718463F8)
[LOG] SoundI::release                          :     Som da Mosca 1 (0000028C304E0248)
[WRN] SystemI::updateChannels                  : Channel 0x41A0005 Stolen with audibility 0.114532
[WRN] SystemI::updateChannels                  : Channel 0x41C0005 Stolen with audibility 0.114532
[WRN] SystemI::updateChannels                  : Channel 0x4120005 Stolen with audibility 0.114532
[WRN] SystemI::updateChannels                  : Channel 0x4060005 Stolen with audibility 0.114532
[WRN] SystemI::updateChannels                  : Channel 0x40C0005 Stolen with audibility 0.114532
[WRN] SystemI::updateChannels                  : Channel 0x4000005 Stolen with audibility 0.114532
[WRN] SystemI::updateChannels                  : Channel 0x4040005 Stolen with audibility 0.114532
[WRN] SystemI::updateChannels                  : Channel 0x7D00019 Stolen with audibility 0.114532
[WRN] DSPJobList::addJob                       : DSP JobList expanding job from 2048 entries to 3072 entries.
[WRN] SystemI::updateChannels                  : Channel 0x3F80005 Stolen with audibility 0.114532
[WRN] SystemI::updateChannels                  : Channel 0x7E00019 Stolen with audibility 0.114532
[WRN] SystemI::updateChannels                  : Channel 0x3F60005 Stolen with audibility 0.114532
[WRN] SystemI::updateChannels                  : Channel 0x7080019 Stolen with audibility 0.114532
[WRN] SystemI::updateChannels                  : Channel 0x7E20019 Stolen with audibility 0.114532
[WRN] SystemI::updateChannels                  : Channel 0x580001D Stolen with audibility 0.114532
[WRN] SystemI::updateChannels                  : Channel 0x5E0001D Stolen with audibility 0.114532
[WRN] SystemI::updateChannels                  : Channel 0x3E80005 Stolen with audibility 0.114532
[WRN] SystemI::updateChannels                  : Channel 0x3EA0005 Stolen with audibility 0.114532
[WRN] SystemI::updateChannels                  : Channel 0x3E60005 Stolen with audibility 0.114532
[WRN] SystemI::updateChannels                  : Channel 0x5FE001D Stolen with audibility 0.114532
[WRN] SystemI::updateChannels                  : Channel 0x59C001D Stolen with audibility 0.114532
[WRN] SystemI::updateChannels                  : Channel 0x606001D Stolen with audibility 0.114532
[WRN] SystemI::updateChannels                  : Channel 0x3E20005 Stolen with audibility 0.114532
[WRN] SystemI::updateChannels                  : Channel 0x598001D Stolen with audibility 0.114532
[WRN] SystemI::updateChannels                  : Channel 0x7F800BD Stolen with audibility 0.114532
[WRN] SystemI::updateChannels                  : Channel 0x7480019 Stolen with audibility 0.114532
[WRN] SystemI::updateChannels                  : Channel 0x5B8001D Stolen with audibility 0.114532
[WRN] SystemI::updateChannels                  : Channel 0x7F20229 Stolen with audibility 0.114532
[WRN] SystemI::updateChannels                  : Channel 0x3D80005 Stolen with audibility 0.114532
[WRN] SystemI::updateChannels                  : Channel 0x3DA0005 Stolen with audibility 0.114532
[WRN] SystemI::updateChannels                  : Channel 0x5C0001D Stolen with audibility 0.114532
[WRN] SystemI::updateChannels                  : Channel 0x3D40005 Stolen with audibility 0.114532
[WRN] SystemI::updateChannels                  : Channel 0x3D60005 Stolen with audibility 0.114532
[WRN] SystemI::updateChannels                  : Channel 0x7920019 Stolen with audibility 0.114532
[WRN] SystemI::updateChannels                  : Channel 0x3D00005 Stolen with audibility 0.114532
[WRN] SystemI::updateChannels                  : Channel 0x5BA001D Stolen with audibility 0.114532
[WRN] SystemI::updateChannels                  : Channel 0x7B80019 Stolen with audibility 0.114203
[WRN] SystemI::updateChannels                  : Channel 0x6440021 Stolen with audibility 0.114532
[WRN] SystemI::updateChannels                  : Channel 0x6BC001D Stolen with audibility 0.114532
[WRN] SystemI::updateChannels                  : Channel 0x5C6001D Stolen with audibility 0.114532
[WRN] SystemI::updateChannels                  : Channel 0x5A8001D Stolen with audibility 0.114532
[WRN] SystemI::updateChannels                  : Channel 0x78E001D Stolen with audibility 0.114532
[WRN] SystemI::updateChannels                  : Channel 0x5AA001D Stolen with audibility 0.114532
[WRN] SystemI::updateChannels                  : Channel 0x660001D Stolen with audibility 0.114532
[WRN] SystemI::updateChannels                  : Channel 0x5680015 Stolen with audibility 0.114532
[WRN] SystemI::updateChannels                  : Channel 0x56C0015 Stolen with audibility 0.114532
[WRN] SystemI::updateChannels                  : Channel 0x5EC001D Stolen with audibility 0.114532
[WRN] SystemI::updateChannels                  : Channel 0x7FA00B1 Stolen with audibility 0.114532
[WRN] SystemI::updateChannels                  : Channel 0x60A001D Stolen with audibility 0.114532
[WRN] SystemI::updateChannels                  : Channel 0x55A0015 Stolen with audibility 0.114532
[WRN] SystemI::updateChannels                  : Channel 0x5E4001D Stolen with audibility 0.114532
[WRN] SystemI::updateChannels                  : Channel 0x7D60019 Stolen with audibility 0.114532
[WRN] SystemI::updateChannels                  : Channel 0x5F60021 Stolen with audibility 0.114532
[WRN] SystemI::updateChannels                  : Channel 0x5DA001D Stolen with audibility 0.114532
[WRN] SystemI::updateChannels                  : Channel 0x5600055 Stolen with audibility 0.114532
[WRN] SystemI::updateChannels                  : Channel 0x5D8001D Stolen with audibility 0.114532
[WRN] SystemI::updateChannels                  : Channel 0x56E001D Stolen with audibility 0.114532
[WRN] SystemI::updateChannels                  : Channel 0x6760035 Stolen with audibility 0.114532
[WRN] SystemI::updateChannels                  : Channel 0x7360019 Stolen with audibility 0.114532
[WRN] SystemI::updateChannels                  : Channel 0x626001D Stolen with audibility 0.114532
[LOG] SystemI::createSound                     : filename = FMOD GitHub/Build/Desktop/Mosca.bank : mode 02010082
[LOG] SystemI::createSound                     : FMOD_NONBLOCKING specified.  Putting into queue to be opened asynchronously!
[LOG] AsyncThread::add                         : add sound to async queue : soundi = 0000028C304E0098, queue head = 0000028C70E88A58, queue count = 0
[LOG] AsyncThread::threadFunc                  : Starting Asynchronous operation on sound 0000028C304E0098
[LOG] SystemI::createSound                     : filename = FMOD GitHub/Build/Desktop/Mosca.bank : mode 02010082
[LOG] SystemI::createSoundInternal             :     Create name='FMOD GitHub/Build/Desktop/Mosca.bank', mode=0x02010082
[LOG] SystemI::createSound                     :     FMOD_NONBLOCKING specified.  Putting into queue to be opened asynchronously!
[LOG] SystemI::createSoundInternal             :     exinfo->cbsize             = 224
[LOG] SystemI::createSoundInternal             :     exinfo->length             = 1671136
[LOG] AsyncThread::add                         :     add sound to async queue : soundi = 0000028C304E0248, queue head = 0000028C70E88A58, queue count = 0
[LOG] SystemI::createSoundInternal             :     exinfo->fileoffset         = 9632
[LOG] SystemI::createSoundInternal             :     exinfo->numsubsounds       = 1
[LOG] SystemI::createSoundInternal             :     exinfo->inclusionlist      = 0000028C1A89EA20
[LOG] SystemI::createSoundInternal             :     exinfo->inclusionlistnum   = 1
[LOG] SystemI::createSoundInternal             :     exinfo->suggestedsoundtype = 5
[LOG] SystemI::createSoundInternal             :     exinfo->initialseekpostype = 1
[LOG] SystemI::createSound                     :     filename = FMOD GitHub/Build/Desktop/Mosca.bank : mode 02010082
[LOG] SystemI::createSound                     :     FMOD_NONBLOCKING specified.  Putting into queue to be opened asynchronously!
[LOG] AsyncThread::add                         :     add sound to async queue : soundi = 0000028C20046DB8, queue head = 0000028C70E88A58, queue count = 1
[LOG] SystemI::createSoundInternal             :     Stream 0/1: name='Som da Mosca 1', format=5, channels=2, frequency=48000, lengthbytes=330624, lengthpcm=1259166, pcmblocksize=0, loopstart=0, loopend=0, mode=0x00000000, channelmask=0x00000000, channelorder=0, peakvolume=0.179962.
[LOG] AsyncThread::threadFunc                  : Finished Asynchronous operation on sound 0000028C304E0098
[LOG] AsyncThread::threadFunc                  : Starting Asynchronous operation on sound 0000028C304E0248
[LOG] SystemI::createSoundInternal             :     Create name='FMOD GitHub/Build/Desktop/Mosca.bank', mode=0x02010082
[LOG] SystemI::createSoundInternal             :     exinfo->cbsize             = 224
[LOG] SystemI::createSoundInternal             :     exinfo->length             = 1671136
[LOG] SystemI::createSoundInternal             :     exinfo->fileoffset         = 9632
[LOG] SystemI::createSoundInternal             :     exinfo->numsubsounds       = 1
[LOG] SystemI::createSoundInternal             :     exinfo->inclusionlist      = 0000028C1A89E8E0
[LOG] SystemI::createSoundInternal             :     exinfo->inclusionlistnum   = 1
[LOG] SystemI::createSoundInternal             :     exinfo->suggestedsoundtype = 5
[LOG] SystemI::createSoundInternal             :     exinfo->initialseekpostype = 1
[LOG] SystemI::createSoundInternal             :     Stream 0/1: name='Som da Mosca 3', format=5, channels=2, frequency=48000, lengthbytes=569856, lengthpcm=2169836, pcmblocksize=0, loopstart=0, loopend=0, mode=0x00000000, channelmask=0x00000000, channelorder=0, peakvolume=0.163605.
[LOG] AsyncThread::threadFunc                  : Finished Asynchronous operation on sound 0000028C304E0248
[LOG] AsyncThread::threadFunc                  : Starting Asynchronous operation on sound 0000028C20046DB8
[LOG] SystemI::createSoundInternal             :     Create name='FMOD GitHub/Build/Desktop/Mosca.bank', mode=0x02010082
[LOG] SystemI::createSoundInternal             :     exinfo->cbsize             = 224
[LOG] SystemI::createSoundInternal             :     exinfo->length             = 1671136
[LOG] SystemI::createSoundInternal             :     exinfo->fileoffset         = 9632
[LOG] SystemI::createSoundInternal             :     exinfo->numsubsounds       = 1
[LOG] SystemI::createSoundInternal             :     exinfo->inclusionlist      = 0000028C21E8BC80
[LOG] SystemI::createSoundInternal             :     exinfo->inclusionlistnum   = 1
[LOG] SystemI::createSoundInternal             :     exinfo->suggestedsoundtype = 5
[LOG] SystemI::createSoundInternal             :     exinfo->initialseekpostype = 1
[LOG] SystemI::createSoundInternal             :     Stream 0/1: name='Som da Mosca 0', format=5, channels=2, frequency=48000, lengthbytes=309344, lengthpcm=1182852, pcmblocksize=0, loopstart=0, loopend=0, mode=0x00000000, channelmask=0x00000000, channelorder=0, peakvolume=0.181030.
[LOG] AsyncThread::threadFunc                  : Finished Asynchronous operation on sound 0000028C20046DB8
[WRN] SystemI::updateChannels                  : Channel 0x7AC0019 Stolen with audibility 0.114532
[WRN] SystemI::updateChannels                  : Channel 0x5B6001D Stolen with audibility 0.114532
[WRN] SystemI::updateChannels                  : Channel 0x642001D Stolen with audibility 0.114532
[WRN] SystemI::updateChannels                  : Channel 0x594001D Stolen with audibility 0.114532
[WRN] SystemI::updateChannels                  : Channel 0x5E80021 Stolen with audibility 0.114532
[WRN] SystemI::updateChannels                  : Channel 0x5DE001D Stolen with audibility 0.114532
[WRN] SystemI::updateChannels                  : Channel 0x616001D Stolen with audibility 0.114532
[WRN] SystemI::updateChannels                  : Channel 0x600001D Stolen with audibility 0.114532
[WRN] SystemI::updateChannels                  : Channel 0x7B8001D Stolen with audibility 0.114532
[WRN] SystemI::updateChannels                  : Channel 0x622001D Stolen with audibility 0.114532
[WRN] SystemI::updateChannels                  : Channel 0x65E001D Stolen with audibility 0.114532
[WRN] SystemI::updateChannels                  : Channel 0x65C001D Stolen with audibility 0.114532
[WRN] SystemI::updateChannels                  : Channel 0x692001D Stolen with audibility 0.114532
[WRN] SystemI::updateChannels                  : Channel 0x76A0019 Stolen with audibility 0.114532
[WRN] SystemI::updateChannels                  : Channel 0x634001D Stolen with audibility 0.114532
[WRN] SystemI::updateChannels                  : Channel 0x590001D Stolen with audibility 0.114532
[WRN] SystemI::updateChannels                  : Channel 0x64C001D Stolen with audibility 0.114532
[WRN] SystemI::updateChannels                  : Channel 0x750001D Stolen with audibility 0.114532
[WRN] SystemI::updateChannels                  : Channel 0x5880039 Stolen with audibility 0.114532
[WRN] SystemI::updateChannels                  : Channel 0x66C001D Stolen with audibility 0.114532
[WRN] SystemI::updateChannels                  : Channel 0x762001D Stolen with audibility 0.114532
[LOG] SoundI::release                          : Som da Mosca 3 (0000028CC658C918)
[LOG] SoundI::release                          :     Som da Mosca 3 (0000028E2E4A1DE8)
[LOG] SoundI::release                          :     Som da Mosca 3 (0000028E2E3D5998)
[LOG] SoundI::release                          : Som da Mosca 0 (0000028CC658C408)
[LOG] SoundI::release                          :     Som da Mosca 0 (0000028E2E4A1C48)
[LOG] SoundI::release                          :     Som da Mosca 0 (0000028E2E3D52D8)
[LOG] SoundI::release                          : Som da Mosca 2 (0000028CC658CAC8)
[LOG] SoundI::release                          :     Som da Mosca 2 (0000028E2E4A0DA8)
[LOG] SoundI::release                          :     Som da Mosca 2 (0000028E2E3D5488)
[LOG] SystemI::createSound                     : filename = FMOD GitHub/Build/Desktop/Mosca.bank : mode 02010082
[LOG] SystemI::createSound                     : FMOD_NONBLOCKING specified.  Putting into queue to be opened asynchronously!
[LOG] AsyncThread::add                         : add sound to async queue : soundi = 0000028C17683598, queue head = 0000028C70E88A58, queue count = 0
[LOG] AsyncThread::threadFunc                  : Starting Asynchronous operation on sound 0000028C17683598
[LOG] SystemI::createSoundInternal             :     Create name='FMOD GitHub/Build/Desktop/Mosca.bank', mode=0x02010082
[LOG] SystemI::createSound                     :     filename = FMOD GitHub/Build/Desktop/Mosca.bank : mode 02010082
[LOG] SystemI::createSoundInternal             :     exinfo->cbsize             = 224
[LOG] SystemI::createSound                     :     FMOD_NONBLOCKING specified.  Putting into queue to be opened asynchronously!
[LOG] SystemI::createSoundInternal             :     exinfo->length             = 1671136
[LOG] AsyncThread::add                         :     add sound to async queue : soundi = 0000028CC658C768, queue head = 0000028C70E88A58, queue count = 0
[LOG] SystemI::createSoundInternal             :     exinfo->fileoffset         = 9632
[LOG] SystemI::createSoundInternal             :     exinfo->numsubsounds       = 1
[LOG] SystemI::createSoundInternal             :     exinfo->inclusionlist      = 0000028C0EE78AA0
[LOG] SystemI::createSoundInternal             :     exinfo->inclusionlistnum   = 1
[LOG] SystemI::createSound                     :     filename = FMOD GitHub/Build/Desktop/Mosca.bank : mode 02010082
[LOG] SystemI::createSoundInternal             :     exinfo->suggestedsoundtype = 5
[LOG] SystemI::createSound                     :     FMOD_NONBLOCKING specified.  Putting into queue to be opened asynchronously!
[LOG] SystemI::createSoundInternal             :     exinfo->initialseekpostype = 1
[LOG] AsyncThread::add                         :     add sound to async queue : soundi = 0000028CC658C408, queue head = 0000028C70E88A58, queue count = 1
[LOG] SystemI::createSoundInternal             :     Stream 0/1: name='Som da Mosca 2', format=5, channels=2, frequency=48000, lengthbytes=383968, lengthpcm=1457579, pcmblocksize=0, loopstart=0, loopend=0, mode=0x00000000, channelmask=0x00000000, channelorder=0, peakvolume=0.111053.
[LOG] AsyncThread::threadFunc                  : Finished Asynchronous operation on sound 0000028C17683598
[LOG] AsyncThread::threadFunc                  : Starting Asynchronous operation on sound 0000028CC658C768
[LOG] SystemI::createSoundInternal             :     Create name='FMOD GitHub/Build/Desktop/Mosca.bank', mode=0x02010082
[LOG] SystemI::createSoundInternal             :     exinfo->cbsize             = 224
[LOG] SystemI::createSoundInternal             :     exinfo->length             = 1671136
[LOG] SystemI::createSoundInternal             :     exinfo->fileoffset         = 9632
[LOG] SystemI::createSoundInternal             :     exinfo->numsubsounds       = 1
[LOG] SystemI::createSoundInternal             :     exinfo->inclusionlist      = 0000028C0EE78FA0
[LOG] SystemI::createSoundInternal             :     exinfo->inclusionlistnum   = 1
[LOG] SystemI::createSoundInternal             :     exinfo->suggestedsoundtype = 5
[LOG] SystemI::createSoundInternal             :     exinfo->initialseekpostype = 1
[LOG] SystemI::createSoundInternal             :     Stream 0/1: name='Som da Mosca 3', format=5, channels=2, frequency=48000, lengthbytes=569856, lengthpcm=2169836, pcmblocksize=0, loopstart=0, loopend=0, mode=0x00000000, channelmask=0x00000000, channelorder=0, peakvolume=0.163605.
[LOG] AsyncThread::threadFunc                  : Finished Asynchronous operation on sound 0000028CC658C768
[LOG] AsyncThread::threadFunc                  : Starting Asynchronous operation on sound 0000028CC658C408
[LOG] SystemI::createSoundInternal             :     Create name='FMOD GitHub/Build/Desktop/Mosca.bank', mode=0x02010082
[LOG] SystemI::createSoundInternal             :     exinfo->cbsize             = 224
[LOG] SystemI::createSoundInternal             :     exinfo->length             = 1671136
[LOG] SystemI::createSoundInternal             :     exinfo->fileoffset         = 9632
[LOG] SystemI::createSoundInternal             :     exinfo->numsubsounds       = 1
[LOG] SystemI::createSoundInternal             :     exinfo->inclusionlist      = 0000028C0EE790E0
[LOG] SystemI::createSoundInternal             :     exinfo->inclusionlistnum   = 1
[LOG] SystemI::createSoundInternal             :     exinfo->suggestedsoundtype = 5
[LOG] SystemI::createSoundInternal             :     exinfo->initialseekpostype = 1
[LOG] SystemI::createSoundInternal             :     Stream 0/1: name='Som da Mosca 1', format=5, channels=2, frequency=48000, lengthbytes=330624, lengthpcm=1259166, pcmblocksize=0, loopstart=0, loopend=0, mode=0x00000000, channelmask=0x00000000, channelorder=0, peakvolume=0.179962.
[LOG] AsyncThread::threadFunc                  : Finished Asynchronous operation on sound 0000028CC658C408
[LOG] SoundI::release                          : Som da Mosca 0 (0000028C20046DB8)
[LOG] SoundI::release                          :     Som da Mosca 0 (0000028F71846258)
[LOG] SoundI::release                          :     Som da Mosca 0 (0000028E2E1A65C8)
[LOG] SoundI::release                          : Som da Mosca 3 (0000028C304E0248)
[LOG] SoundI::release                          :     Som da Mosca 3 (0000028F71846A78)
[LOG] SoundI::release                          :     Som da Mosca 3 (0000028E2E1A6AD8)
[LOG] SoundI::release                          : Som da Mosca 1 (0000028C304E0098)
[LOG] SoundI::release                          :     Som da Mosca 1 (0000028F71847918)
[LOG] SoundI::release                          :     Som da Mosca 1 (0000028E2E1A6928)
[LOG] SoundI::release                          : Som da Mosca 3 (0000028CC658C768)
[LOG] SoundI::release                          :     Som da Mosca 3 (0000028F71847298)
[LOG] SoundI::release                          :     Som da Mosca 3 (0000028E2E1A6C88)
[WRN] ObjectLookup::get                        : Lookup failed for EventModel: {00000000-0000-0000-0000-000000000000}
[WRN] ObjectLookup::get                        : Lookup failed for EventModel: {00000000-0000-0000-0000-000000000000}
[WRN] ObjectLookup::get                        : Lookup failed for EventModel: {00000000-0000-0000-0000-000000000000}
[LOG] AsyncThread::add                         : add sound to async queue : soundi = 0000028C304E05A8, queue head = 0000028C70E88A58, queue count = 0
[LOG] AsyncThread::threadFunc                  : Starting Asynchronous operation on sound 0000028C304E05A8
[LOG] AsyncThread::threadFunc                  : Finished Asynchronous operation on sound 0000028C304E05A8
[LOG] SystemI::createSound                     : filename = FMOD GitHub/Build/Desktop/Mosca.bank : mode 02010082
[LOG] SystemI::createSound                     : FMOD_NONBLOCKING specified.  Putting into queue to be opened asynchronously!
[LOG] AsyncThread::add                         : add sound to async queue : soundi = 0000028E2E1A6C88, queue head = 0000028C70E88A58, queue count = 0
[LOG] AsyncThread::threadFunc                  : Starting Asynchronous operation on sound 0000028E2E1A6C88
[LOG] SystemI::createSoundInternal             :     Create name='FMOD GitHub/Build/Desktop/Mosca.bank', mode=0x02010082
[LOG] SystemI::createSoundInternal             :     exinfo->cbsize             = 224
[LOG] SystemI::createSoundInternal             :     exinfo->length             = 1671136
[LOG] SystemI::createSoundInternal             :     exinfo->fileoffset         = 9632
[LOG] SystemI::createSoundInternal             :     exinfo->numsubsounds       = 1
[LOG] SystemI::createSound                     :     filename = FMOD GitHub/Build/Desktop/Mosca.bank : mode 02010082
[LOG] SystemI::createSoundInternal             :     exinfo->inclusionlist      = 0000028C1A89ECA0
[LOG] SystemI::createSound                     :     FMOD_NONBLOCKING specified.  Putting into queue to be opened asynchronously!
[LOG] SystemI::createSoundInternal             :     exinfo->inclusionlistnum   = 1
[LOG] AsyncThread::add                         :     add sound to async queue : soundi = 0000028E2E1A60B8, queue head = 0000028C70E88A58, queue count = 0
[LOG] SystemI::createSoundInternal             :     exinfo->suggestedsoundtype = 5
[LOG] SystemI::createSoundInternal             :     exinfo->initialseekpostype = 1
[LOG] SystemI::createSoundInternal             :     Stream 0/1: name='Som da Mosca 0', format=5, channels=2, frequency=48000, lengthbytes=309344, lengthpcm=1182852, pcmblocksize=0, loopstart=0, loopend=0, mode=0x00000000, channelmask=0x00000000, channelorder=0, peakvolume=0.181030.
[LOG] AsyncThread::threadFunc                  : Finished Asynchronous operation on sound 0000028E2E1A6C88
[LOG] AsyncThread::threadFunc                  : Starting Asynchronous operation on sound 0000028E2E1A60B8
[LOG] SystemI::createSoundInternal             :     Create name='FMOD GitHub/Build/Desktop/Mosca.bank', mode=0x02010082
[LOG] SystemI::createSoundInternal             :     exinfo->cbsize             = 224
[LOG] SystemI::createSoundInternal             :     exinfo->length             = 1671136
[LOG] SystemI::createSoundInternal             :     exinfo->fileoffset         = 9632
[LOG] SystemI::createSoundInternal             :     exinfo->numsubsounds       = 1
[LOG] SystemI::createSoundInternal             :     exinfo->inclusionlist      = 0000028C1A89EF20
[LOG] SystemI::createSoundInternal             :     exinfo->inclusionlistnum   = 1
[LOG] SystemI::createSoundInternal             :     exinfo->suggestedsoundtype = 5
[LOG] SystemI::createSoundInternal             :     exinfo->initialseekpostype = 1
[LOG] SystemI::createSoundInternal             :     Stream 0/1: name='Som da Mosca 3', format=5, channels=2, frequency=48000, lengthbytes=569856, lengthpcm=2169836, pcmblocksize=0, loopstart=0, loopend=0, mode=0x00000000, channelmask=0x00000000, channelorder=0, peakvolume=0.163605.
[LOG] AsyncThread::threadFunc                  : Finished Asynchronous operation on sound 0000028E2E1A60B8
[LOG] SoundI::release                          : Som da Mosca 1 (0000028CC658C408)
[LOG] SoundI::release                          :     Som da Mosca 1 (0000028F718475D8)
[LOG] SoundI::release                          :     Som da Mosca 1 (0000028E2E1A6E38)
[LOG] SoundI::release                          : Som da Mosca 2 (0000028C17683598)
[LOG] SoundI::release                          :     Som da Mosca 2 (0000028F718463F8)
[LOG] SoundI::release                          :     Som da Mosca 2 (0000028E2E1A6778)
[WRN] OutputWASAPI::mixerThread                : Starvation detected in WASAPI output buffer!
[LOG] SystemI::createSound                     : filename = FMOD GitHub/Build/Desktop/Mosca.bank : mode 02010082
[LOG] SystemI::createSound                     : FMOD_NONBLOCKING specified.  Putting into queue to be opened asynchronously!
[LOG] AsyncThread::add                         : add sound to async queue : soundi = 0000028E2E1A6418, queue head = 0000028C70E88A58, queue count = 0
[LOG] AsyncThread::threadFunc                  : Starting Asynchronous operation on sound 0000028E2E1A6418
[LOG] SystemI::createSoundInternal             :     Create name='FMOD GitHub/Build/Desktop/Mosca.bank', mode=0x02010082
[LOG] SystemI::createSoundInternal             :     exinfo->cbsize             = 224
[LOG] SystemI::createSound                     :     filename = FMOD GitHub/Build/Desktop/Mosca.bank : mode 02010082
[LOG] SystemI::createSoundInternal             :     exinfo->length             = 1671136
[LOG] SystemI::createSound                     :     FMOD_NONBLOCKING specified.  Putting into queue to be opened asynchronously!
[LOG] SystemI::createSoundInternal             :     exinfo->fileoffset         = 9632
[LOG] AsyncThread::add                         :     add sound to async queue : soundi = 0000028E2E1A6268, queue head = 0000028C70E88A58, queue count = 0
[LOG] SystemI::createSoundInternal             :     exinfo->numsubsounds       = 1
[LOG] SystemI::createSoundInternal             :     exinfo->inclusionlist      = 0000028C1A89E8E0
[LOG] SystemI::createSoundInternal             :     exinfo->inclusionlistnum   = 1
[LOG] SystemI::createSoundInternal             :     exinfo->suggestedsoundtype = 5
[LOG] SystemI::createSoundInternal             :     exinfo->initialseekpostype = 1
[LOG] SystemI::createSound                     :     filename = FMOD GitHub/Build/Desktop/Mosca.bank : mode 02010082
[LOG] SystemI::createSound                     :     FMOD_NONBLOCKING specified.  Putting into queue to be opened asynchronously!
[LOG] AsyncThread::add                         :     add sound to async queue : soundi = 0000028E2E1A65C8, queue head = 0000028C70E88A58, queue count = 1
[LOG] SystemI::createSoundInternal             :     Stream 0/1: name='Som da Mosca 2', format=5, channels=2, frequency=48000, lengthbytes=383968, lengthpcm=1457579, pcmblocksize=0, loopstart=0, loopend=0, mode=0x00000000, channelmask=0x00000000, channelorder=0, peakvolume=0.111053.
[LOG] SystemI::createSound                     :     filename = FMOD GitHub/Build/Desktop/Praia.bank : mode 02010082
[LOG] SystemI::createSound                     :     FMOD_NONBLOCKING specified.  Putting into queue to be opened asynchronously!
[LOG] AsyncThread::add                         :     add sound to async queue : soundi = 0000028E2E1A6928, queue head = 0000028C70E88A58, queue count = 2
[LOG] SystemI::createSound                     :     filename = FMOD GitHub/Build/Desktop/Músicas.bank : mode 02010082
[LOG] SystemI::createSound                     :     FMOD_NONBLOCKING specified.  Putting into queue to be opened asynchronously!
[LOG] AsyncThread::add                         :     add sound to async queue : soundi = 0000028E2E1A6778, queue head = 0000028C70E88A58, queue count = 3
[LOG] AsyncThread::threadFunc                  : Finished Asynchronous operation on sound 0000028E2E1A6418
[LOG] AsyncThread::threadFunc                  : Starting Asynchronous operation on sound 0000028E2E1A6268
[LOG] SystemI::createSoundInternal             :     Create name='FMOD GitHub/Build/Desktop/Mosca.bank', mode=0x02010082
[LOG] SystemI::createSoundInternal             :     exinfo->cbsize             = 224
[LOG] SystemI::createSoundInternal             :     exinfo->length             = 1671136
[LOG] SystemI::createSoundInternal             :     exinfo->fileoffset         = 9632
[LOG] SystemI::createSoundInternal             :     exinfo->numsubsounds       = 1
[LOG] SystemI::createSoundInternal             :     exinfo->inclusionlist      = 0000028C1A89EDE0
[LOG] SystemI::createSoundInternal             :     exinfo->inclusionlistnum   = 1
[LOG] SystemI::createSoundInternal             :     exinfo->suggestedsoundtype = 5
[LOG] SystemI::createSoundInternal             :     exinfo->initialseekpostype = 1
[LOG] SystemI::createSoundInternal             :     Stream 0/1: name='Som da Mosca 1', format=5, channels=2, frequency=48000, lengthbytes=330624, lengthpcm=1259166, pcmblocksize=0, loopstart=0, loopend=0, mode=0x00000000, channelmask=0x00000000, channelorder=0, peakvolume=0.179962.
[LOG] AsyncThread::threadFunc                  : Finished Asynchronous operation on sound 0000028E2E1A6268
[LOG] AsyncThread::threadFunc                  : Starting Asynchronous operation on sound 0000028E2E1A65C8
[LOG] SystemI::createSoundInternal             :     Create name='FMOD GitHub/Build/Desktop/Mosca.bank', mode=0x02010082
[LOG] SystemI::createSoundInternal             :     exinfo->cbsize             = 224
[LOG] SystemI::createSoundInternal             :     exinfo->length             = 1671136
[LOG] SystemI::createSoundInternal             :     exinfo->fileoffset         = 9632
[LOG] SystemI::createSoundInternal             :     exinfo->numsubsounds       = 1
[LOG] SystemI::createSoundInternal             :     exinfo->inclusionlist      = 0000028C1A89EA20
[LOG] SystemI::createSoundInternal             :     exinfo->inclusionlistnum   = 1
[LOG] SystemI::createSoundInternal             :     exinfo->suggestedsoundtype = 5
[LOG] SystemI::createSoundInternal             :     exinfo->initialseekpostype = 1
[LOG] SystemI::createSoundInternal             :     Stream 0/1: name='Som da Mosca 2', format=5, channels=2, frequency=48000, lengthbytes=383968, lengthpcm=1457579, pcmblocksize=0, loopstart=0, loopend=0, mode=0x00000000, channelmask=0x00000000, channelorder=0, peakvolume=0.111053.
[LOG] AsyncThread::threadFunc                  : Finished Asynchronous operation on sound 0000028E2E1A65C8
[LOG] AsyncThread::threadFunc                  : Starting Asynchronous operation on sound 0000028E2E1A6928
[LOG] SystemI::createSoundInternal             :     Create name='FMOD GitHub/Build/Desktop/Praia.bank', mode=0x02010082
[LOG] SystemI::createSoundInternal             :     exinfo->cbsize             = 224
[LOG] SystemI::createSoundInternal             :     exinfo->length             = 1085440
[LOG] SystemI::createSoundInternal             :     exinfo->fileoffset         = 2496
[LOG] SystemI::createSoundInternal             :     exinfo->numsubsounds       = 1
[LOG] SystemI::createSoundInternal             :     exinfo->inclusionlist      = 0000028C21D4BBE0
[LOG] SystemI::createSoundInternal             :     exinfo->inclusionlistnum   = 1
[LOG] SystemI::createSoundInternal             :     exinfo->suggestedsoundtype = 5
[LOG] SystemI::createSoundInternal             :     exinfo->initialseekpostype = 1
[LOG] SystemI::createSoundInternal             :     Stream 0/1: name='Praia Cutscene Final 0', format=5, channels=2, frequency=48000, lengthbytes=1084576, lengthpcm=4455999, pcmblocksize=0, loopstart=0, loopend=0, mode=0x00000000, channelmask=0x00000000, channelorder=0, peakvolume=0.999969.
[LOG] AsyncThread::threadFunc                  : Finished Asynchronous operation on sound 0000028E2E1A6928
[LOG] AsyncThread::threadFunc                  : Starting Asynchronous operation on sound 0000028E2E1A6778
[LOG] SystemI::createSoundInternal             :     Create name='FMOD GitHub/Build/Desktop/Músicas.bank', mode=0x02010082
[LOG] SystemI::createSoundInternal             :     exinfo->cbsize             = 224
[LOG] SystemI::createSoundInternal             :     exinfo->length             = 10448800
[LOG] SystemI::createSoundInternal             :     exinfo->fileoffset         = 11616
[LOG] SystemI::createSoundInternal             :     exinfo->numsubsounds       = 1
[LOG] SystemI::createSoundInternal             :     exinfo->inclusionlist      = 0000028C21D4BE60
[LOG] SystemI::createSoundInternal             :     exinfo->inclusionlistnum   = 1
[LOG] SystemI::createSoundInternal             :     exinfo->suggestedsoundtype = 5
[LOG] SystemI::createSoundInternal             :     exinfo->initialseekpostype = 1
[LOG] SystemI::createSoundInternal             :     Stream 0/1: name='Village Theme', format=5, channels=2, frequency=48000, lengthbytes=2307296, lengthpcm=8722398, pcmblocksize=0, loopstart=0, loopend=0, mode=0x00000000, channelmask=0x00000000, channelorder=0, peakvolume=0.999969.
[LOG] AsyncThread::threadFunc                  : Finished Asynchronous operation on sound 0000028E2E1A6778
[LOG] SoundI::release                          : Som da Mosca 3 (0000028E2E1A60B8)
[LOG] SoundI::release                          :     Som da Mosca 3 (0000028CCBF5B688)
[LOG] SoundI::release                          :     Som da Mosca 3 (0000028C1E1E8278)
[LOG] SoundI::release                          : Som da Mosca 0 (0000028E2E1A6C88)
[LOG] SoundI::release                          :     Som da Mosca 0 (0000028CCBF5B9C8)
[LOG] SoundI::release                          :     Som da Mosca 0 (0000028C1E1E8428)
[LOG] SoundI::release                          : Village Theme (0000028E2E1A6778)
[LOG] SoundI::release                          :     Village Theme (0000028CC58F1C48)
[LOG] SoundI::release                          :     Village Theme (0000028C19486408)
[LOG] SoundI::release                          : Praia Cutscene Final 0 (0000028E2E1A6928)
[LOG] SoundI::release                          :     Praia Cutscene Final 0 (0000028CC58F1AA8)
[LOG] SoundI::release                          :     Praia Cutscene Final 0 (0000028C194860A8)
[LOG] SystemI::createSound                     : filename = FMOD GitHub/Build/Desktop/Músicas.bank : mode 02010082
[LOG] SystemI::createSound                     : FMOD_NONBLOCKING specified.  Putting into queue to be opened asynchronously!
[LOG] AsyncThread::add                         : add sound to async queue : soundi = 0000028E2E1A6C88, queue head = 0000028C70E88A58, queue count = 0
[LOG] AsyncThread::threadFunc                  : Starting Asynchronous operation on sound 0000028E2E1A6C88
[LOG] SystemI::createSoundInternal             :     Create name='FMOD GitHub/Build/Desktop/Músicas.bank', mode=0x02010082
[LOG] SystemI::createSoundInternal             :     exinfo->cbsize             = 224
[LOG] SystemI::createSoundInternal             :     exinfo->length             = 10448800
[LOG] SystemI::createSoundInternal             :     exinfo->fileoffset         = 11616
[LOG] SystemI::createSoundInternal             :     exinfo->numsubsounds       = 1
[LOG] SystemI::createSoundInternal             :     exinfo->inclusionlist      = 0000028C21D4BE60
[LOG] SystemI::createSoundInternal             :     exinfo->inclusionlistnum   = 1
[LOG] SystemI::createSoundInternal             :     exinfo->suggestedsoundtype = 5
[LOG] SystemI::createSoundInternal             :     exinfo->initialseekpostype = 1
[LOG] SystemI::createSoundInternal             :     Stream 0/1: name='Village Theme', format=5, channels=2, frequency=48000, lengthbytes=2307296, lengthpcm=8722398, pcmblocksize=0, loopstart=0, loopend=0, mode=0x00000000, channelmask=0x00000000, channelorder=0, peakvolume=0.999969.
[LOG] AsyncThread::threadFunc                  : Finished Asynchronous operation on sound 0000028E2E1A6C88
[LOG] SoundI::release                          : Village Theme (0000028C67AD05C8)
[LOG] SoundI::release                          :     Village Theme (0000028C20005078)
[LOG] SoundI::release                          :     Village Theme (0000028C304E05A8)
[LOG] SoundI::release                          : Som da Mosca 1 (0000028E2E1A6268)
[LOG] SoundI::release                          :     Som da Mosca 1 (0000028E2E1288B8)
[LOG] SoundI::release                          :     Som da Mosca 1 (0000028C1E1E8788)
[LOG] SoundI::release                          : Som da Mosca 2 (0000028E2E1A6418)
[LOG] SoundI::release                          :     Som da Mosca 2 (0000028E2E128D98)
[LOG] SoundI::release                          :     Som da Mosca 2 (0000028C1E1E85D8)
[LOG] SystemI::createSound                     : filename = FMOD GitHub/Build/Desktop/Mosca.bank : mode 02010082
[LOG] SystemI::createSound                     : FMOD_NONBLOCKING specified.  Putting into queue to be opened asynchronously!
[LOG] AsyncThread::add                         : add sound to async queue : soundi = 0000028C1DF9D428, queue head = 0000028C70E88A58, queue count = 0
[LOG] AsyncThread::threadFunc                  : Starting Asynchronous operation on sound 0000028C1DF9D428
[LOG] SystemI::createSoundInternal             :     Create name='FMOD GitHub/Build/Desktop/Mosca.bank', mode=0x02010082
[LOG] SystemI::createSoundInternal             :     exinfo->cbsize             = 224
[LOG] SystemI::createSoundInternal             :     exinfo->length             = 1671136
[LOG] SystemI::createSoundInternal             :     exinfo->fileoffset         = 9632
[LOG] SystemI::createSoundInternal             :     exinfo->numsubsounds       = 1
[LOG] SystemI::createSoundInternal             :     exinfo->inclusionlist      = 0000028C21E8BF00
[LOG] SystemI::createSoundInternal             :     exinfo->inclusionlistnum   = 1
[LOG] SystemI::createSoundInternal             :     exinfo->suggestedsoundtype = 5
[LOG] SystemI::createSoundInternal             :     exinfo->initialseekpostype = 1
[LOG] SystemI::createSoundInternal             :     Stream 0/1: name='Som da Mosca 3', format=5, channels=2, frequency=48000, lengthbytes=569856, lengthpcm=2169836, pcmblocksize=0, loopstart=0, loopend=0, mode=0x00000000, channelmask=0x00000000, channelorder=0, peakvolume=0.163605.
[LOG] AsyncThread::threadFunc                  : Finished Asynchronous operation on sound 0000028C1DF9D428
[LOG] SoundI::release                          : Som da Mosca 2 (0000028E2E1A65C8)
[LOG] SoundI::release                          :     Som da Mosca 2 (0000028E2E1283D8)
[LOG] SoundI::release                          :     Som da Mosca 2 (0000028C19486258)
[WRN] ObjectLookup::get                        : Lookup failed for EventModel: {00000000-0000-0000-0000-000000000000}
[WRN] ObjectLookup::get                        : Lookup failed for EventModel: {00000000-0000-0000-0000-000000000000}
[WRN] ObjectLookup::get                        : Lookup failed for EventModel: {00000000-0000-0000-0000-000000000000}
[LOG] SoundI::release                          : Som da Mosca 3 (0000028C1DF9D428)
[LOG] SoundI::release                          :     Som da Mosca 3 (0000028E2E1288B8)
[LOG] SoundI::release                          :     Som da Mosca 3 (0000028C194860A8)
[LOG] SystemI::createSound                     : filename = FMOD GitHub/Build/Desktop/Músicas.bank : mode 02010082
[LOG] SystemI::createSound                     : FMOD_NONBLOCKING specified.  Putting into queue to be opened asynchronously!
[LOG] AsyncThread::add                         : add sound to async queue : soundi = 0000028C304E05A8, queue head = 0000028C70E88A58, queue count = 0
[LOG] AsyncThread::threadFunc                  : Starting Asynchronous operation on sound 0000028C304E05A8
[LOG] SystemI::createSoundInternal             :     Create name='FMOD GitHub/Build/Desktop/Músicas.bank', mode=0x02010082
[LOG] SystemI::createSoundInternal             :     exinfo->cbsize             = 224
[LOG] SystemI::createSoundInternal             :     exinfo->length             = 10448800
[LOG] SystemI::createSoundInternal             :     exinfo->fileoffset         = 11616
[LOG] SystemI::createSoundInternal             :     exinfo->numsubsounds       = 1
[LOG] SystemI::createSoundInternal             :     exinfo->inclusionlist      = 0000028C1A89EDE0
[LOG] SystemI::createSoundInternal             :     exinfo->inclusionlistnum   = 1
[LOG] SystemI::createSoundInternal             :     exinfo->suggestedsoundtype = 5
[LOG] SystemI::createSoundInternal             :     exinfo->initialseekpostype = 1
[LOG] SystemI::createSoundInternal             :     Stream 0/1: name='Village Theme', format=5, channels=2, frequency=48000, lengthbytes=2307296, lengthpcm=8722398, pcmblocksize=0, loopstart=0, loopend=0, mode=0x00000000, channelmask=0x00000000, channelorder=0, peakvolume=0.999969.
[LOG] AsyncThread::threadFunc                  : Finished Asynchronous operation on sound 0000028C304E05A8
[LOG] SoundI::release                          : Village Theme (0000028E2E1A6C88)
[LOG] SoundI::release                          :     Village Theme (0000028CCBF5CBA8)
[LOG] SoundI::release                          :     Village Theme (0000028C19486AC8)
[LOG] SystemI::mixerSuspend                    : Suspending output.
[LOG] SystemI::mixerResume                     : Resuming output.
[LOG] AsyncThread::add                         : add sound to async queue : soundi = 0000028DB2635A98, queue head = 0000028C70E88A58, queue count = 0
[LOG] AsyncThread::threadFunc                  : Starting Asynchronous operation on sound 0000028DB2635A98
[LOG] AsyncThread::threadFunc                  : Finished Asynchronous operation on sound 0000028DB2635A98
[WRN] OutputWASAPI::mixerThread                : Starvation detected in WASAPI output buffer!
[LOG] SystemI::createSound                     : filename = FMOD GitHub/Build/Desktop/Praia.bank : mode 02010082
[LOG] SystemI::createSound                     : FMOD_NONBLOCKING specified.  Putting into queue to be opened asynchronously!
[LOG] AsyncThread::add                         : add sound to async queue : soundi = 0000028C304E0098, queue head = 0000028C70E88A58, queue count = 0
[LOG] AsyncThread::threadFunc                  : Starting Asynchronous operation on sound 0000028C304E0098
[LOG] SystemI::createSoundInternal             :     Create name='FMOD GitHub/Build/Desktop/Praia.bank', mode=0x02010082
[LOG] SystemI::createSoundInternal             :     exinfo->cbsize             = 224
[LOG] SystemI::createSoundInternal             :     exinfo->length             = 1085440
[LOG] SystemI::createSoundInternal             :     exinfo->fileoffset         = 2496
[LOG] SystemI::createSoundInternal             :     exinfo->numsubsounds       = 1
[LOG] SystemI::createSoundInternal             :     exinfo->inclusionlist      = 0000028C21D4BBE0
[LOG] SystemI::createSoundInternal             :     exinfo->inclusionlistnum   = 1
[LOG] SystemI::createSoundInternal             :     exinfo->suggestedsoundtype = 5
[LOG] SystemI::createSoundInternal             :     exinfo->initialseekpostype = 1
[LOG] SystemI::createSoundInternal             :     Stream 0/1: name='Praia Cutscene Final 0', format=5, channels=2, frequency=48000, lengthbytes=1084576, lengthpcm=4455999, pcmblocksize=0, loopstart=0, loopend=0, mode=0x00000000, channelmask=0x00000000, channelorder=0, peakvolume=0.999969.
[LOG] SystemI::createSound                     :     filename = FMOD GitHub/Build/Desktop/Músicas.bank : mode 02010082
[LOG] SystemI::createSound                     :     FMOD_NONBLOCKING specified.  Putting into queue to be opened asynchronously!
[LOG] AsyncThread::add                         :     add sound to async queue : soundi = 0000028C304E0248, queue head = 0000028C70E88A58, queue count = 0
[LOG] AsyncThread::threadFunc                  : Finished Asynchronous operation on sound 0000028C304E0098
[LOG] AsyncThread::threadFunc                  : Starting Asynchronous operation on sound 0000028C304E0248
[LOG] SystemI::createSoundInternal             :     Create name='FMOD GitHub/Build/Desktop/Músicas.bank', mode=0x02010082
[LOG] SystemI::createSoundInternal             :     exinfo->cbsize             = 224
[LOG] SystemI::createSoundInternal             :     exinfo->length             = 10448800
[LOG] SystemI::createSoundInternal             :     exinfo->fileoffset         = 11616
[LOG] SystemI::createSoundInternal             :     exinfo->numsubsounds       = 1
[LOG] SystemI::createSoundInternal             :     exinfo->inclusionlist      = 0000028C21D4BE60
[LOG] SystemI::createSoundInternal             :     exinfo->inclusionlistnum   = 1
[LOG] SystemI::createSoundInternal             :     exinfo->suggestedsoundtype = 5
[LOG] SystemI::createSoundInternal             :     exinfo->initialseekpostype = 1
[LOG] SystemI::createSoundInternal             :     Stream 0/1: name='Village Theme', format=5, channels=2, frequency=48000, lengthbytes=2307296, lengthpcm=8722398, pcmblocksize=0, loopstart=0, loopend=0, mode=0x00000000, channelmask=0x00000000, channelorder=0, peakvolume=0.999969.
[LOG] AsyncThread::threadFunc                  : Finished Asynchronous operation on sound 0000028C304E0248
[LOG] SoundI::release                          : Village Theme (0000028C304E0248)
[LOG] SoundI::release                          :     Village Theme (0000028C13F6C908)
[LOG] SoundI::release                          :     Village Theme (0000028C19486C78)
[LOG] SoundI::release                          : Praia Cutscene Final 0 (0000028C304E0098)
[LOG] SoundI::release                          :     Praia Cutscene Final 0 (0000028C13F6BF48)
[LOG] SoundI::release                          :     Praia Cutscene Final 0 (0000028C19486258)
[WRN] OutputWASAPI::mixerThread                : Starvation detected in WASAPI output buffer!
[LOG] SoundI::release                          : Village Theme (0000028C304E05A8)
[LOG] SoundI::release                          :     Village Theme (0000028F7133E888)
[LOG] SoundI::release                          :     Village Theme (0000028DB2635A98)
[LOG] SoundI::release                          :  (0000028C1777B7B8)
[LOG] SoundI::release                          :     Som do Zumbi 0 (0000028DB1683F18)
[LOG] SoundI::release                          :  (0000028C18F15808)
[LOG] SoundI::release                          :     Guardião Pulo 01 Maio -3 (0000028C20BE1BF8)
[LOG] SoundI::release                          :  (0000028C1777B088)
[LOG] SoundI::release                          :     Feedback Tridente 0 (0000028C7165E8A8)
[LOG] SoundI::release                          :  (0000028C1777ADA8)
[LOG] SoundI::release                          :     Feedback Tridente 1 (0000028C7165C9C8)
[LOG] SoundI::release                          :  (0000028C1777BD78)
[LOG] SoundI::release                          :     Feedback Tridente 2 (0000028C7165F268)
[LOG] SoundI::release                          :  (0000028E2DC97D08)
[LOG] SoundI::release                          :     Guardião Dash 3 de Maio-1 (0000028C1E40F928)
[LOG] SoundI::release                          :  (0000028E2DC97018)
[LOG] SoundI::release                          :     Guardião Dash 3 de Maio (0000028C1E40FC68)
[LOG] SoundI::release                          :  (0000028E2DC95D68)
[LOG] SoundI::release                          :     Mosca Tonta 1 (0000028E2E00A0E8)
[LOG] SoundI::release                          :  (0000028E2DC957A8)
[LOG] SoundI::release                          :     Mosca Tonta 2 (0000028C1DCF51D8)
[LOG] SoundI::release                          :  (0000028E2DC96EA8)
[LOG] SoundI::release                          :     Mosca Dano 0 (0000028F7133AAC8)
[LOG] SoundI::release                          :  (0000028E2DC96D38)
[LOG] SoundI::release                          :     Mosca Dano 1 (0000028F7133D848)
[LOG] SoundI::release                          :  (0000028E2DC97FE8)
[LOG] SoundI::release                          :     Mosca Dano 2 (0000028F7133B628)
[LOG] SoundI::release                          :  (0000028E2DC97B98)
[LOG] SoundI::release                          :     Mosca Dano 3 (0000028F7133B488)
[LOG] SoundI::release                          :  (0000028E2DC978B8)
[LOG] SoundI::release                          :     Mosca Dano 0 (0000028F71338228)
[LOG] SoundI::release                          :  (0000028CC8778198)
[LOG] SoundI::release                          :     Movimento Tridente 0 (0000028C2FE3AF08)
[LOG] SoundI::release                          :  (0000028CC87774A8)
[LOG] SoundI::release                          :     Movimento Tridente 1 (0000028C2FE3AA28)
[LOG] SoundI::release                          :  (0000028C70D71518)
[LOG] SoundI::release                          :     Movimento Tridente 2 (0000028C2FE3ABC8)
[LOG] SoundI::release                          :  (0000028C18F16948)
[LOG] SoundI::release                          :     Pulo Personagem 0 (0000028C1F3C9A78)
[LOG] SoundI::release                          :  (0000028CC880AF58)
[LOG] SoundI::release                          :     N Passo 0 (0000028C1F3CB438)
[LOG] SoundI::release                          :  (0000028CC880A3D8)
[LOG] SoundI::release                          :     N Passo 1 (0000028C1F3CAA78)
[LOG] SoundI::release                          :  (0000028C18F16668)
[LOG] SoundI::release                          :     N Passo 2 (0000028C2FE3A6E8)
[LOG] SoundI::release                          :  (0000028C18F15C58)
[LOG] SoundI::release                          :     N Passo 3 (0000028C2FE3A548)
[LOG] SoundI::release                          :  (0000028C1777AC38)
[LOG] SoundI::release                          :     Recurso Coletado 0 (0000028C1F7C0588)
[LOG] SoundI::release                          :  (0000028C1777AF18)
[LOG] SoundI::release                          :     Recurso Coletado 1 (0000028C20C5DBC8)
[LOG] SoundI::release                          :  (0000028C1777B648)
[LOG] SoundI::release                          :     Recurso Coletado 3 (0000028C70921D88)
[LOG] SoundI::release                          :  (0000028C1777A678)
[LOG] SoundI::release                          :     Recurso Coletado 4 (0000028C709220C8)
[LOG] SoundI::release                          :  (0000028C1777C058)
[LOG] SoundI::release                          :     Recurso Coletado 5 (0000028C1F7BFF08)
[LOG] SoundI::release                          :  (0000028C1777B4D8)
[LOG] SoundI::release                          :     Recurso Coletado 6 (0000028C20C5E248)
[LOG] SoundI::release                          :  (0000028C1777AAC8)
[LOG] SoundI::release                          :     Recurso Coletado 7 (0000028C20C5E728)
[LOG] SoundI::release                          :  (0000028C1777A7E8)
[LOG] SoundI::release                          :     Recurso Coletado 8 (0000028C20C5DF08)
[LOG] SoundI::release                          :  (0000028C1777B1F8)
[LOG] SoundI::release                          :     Batendo 1 (0000028C1F3C93F8)
[LOG] SoundI::release                          :  (0000028C1777A398)
[LOG] SoundI::release                          :     Batendo 3 (0000028C1F3C9C18)
[LOG] SoundI::release                          :  (0000028C678EE308)
[LOG] SoundI::release                          :     Zumbi Dano 0 (0000028C170863B8)
[LOG] SoundI::release                          :  (0000028C1777A508)
[LOG] SoundI::release                          :     Zumbi Dano 1 (0000028C17086558)
[LOG] SoundI::release                          :  (0000028C1777A228)
[LOG] SoundI::release                          :     Zumbi Dano 2 (0000028C1A784F68)
[LOG] SoundI::release                          :  (0000028C1777B368)
[LOG] SoundI::release                          :     Zumbi Dano 3 (0000028C170859F8)
[LOG] SoundI::release                          :  (0000028C1777B928)
[LOG] SoundI::release                          :     Zumbi Dano 4 (0000028C1A785448)
[LOG] SoundI::release                          :  (0000028C1777BC08)
[LOG] SoundI::release                          :     Zumbi Morto 0 (0000028C1F7BFBC8)
[LOG] SoundI::release                          :  (0000028C1777BA98)
[LOG] SoundI::release                          :     Zumbi Morto 1 (0000028C1F7C00A8)
[LOG] Thread::callback                         : FMOD Studio update thread finished.
[LOG] Thread::callback                         : FMOD Studio bank load thread finished.
[LOG] Profile::disconnectAll                   : Profiler disconnecting all clients
[LOG] Thread::callback                         : FMOD Studio sample load thread finished.
[LOG] LiveUpdate::release                      : 
[LOG] LiveUpdate::reset                        : Reset connection (reason Disconnected)
[LOG] Thread::callback                         : FMOD stream thread finished.
[LOG] Thread::callback                         : FMOD mixer thread finished.
[LOG] Profile::disconnectAll                   : Profiler disconnecting all clients
[LOG] SystemI::close                           : Closed.
